<?xml version="1.0" encoding="UTF-8"?>
<testng-results ignored="0" total="3" passed="3" failed="0" skipped="0">
  <reporter-output>
    <line>
      <![CDATA[open browser]]>
    </line>
    <line>
      <![CDATA[login]]>
    </line>
    <line>
      <![CDATA[logout]]>
    </line>
    <line>
      <![CDATA[login]]>
    </line>
    <line>
      <![CDATA[logout]]>
    </line>
    <line>
      <![CDATA[login]]>
    </line>
    <line>
      <![CDATA[logout]]>
    </line>
    <line>
      <![CDATA[close browser]]>
    </line>
  </reporter-output>
  <suite started-at="2023-09-26T20:19:11 IST" name="Suite" finished-at="2023-09-26T20:20:52 IST" duration-ms="101070">
    <groups>
    </groups>
    <test started-at="2023-09-26T20:19:11 IST" name="Test" finished-at="2023-09-26T20:20:52 IST" duration-ms="101070">
      <class name="com.actitime.testscripts.CreateProject">
        <test-method is-config="true" signature="login()[pri:0, instance:com.actitime.testscripts.CreateProject@4a83a74a]" started-at="2023-09-26T20:19:46 IST" name="login" finished-at="2023-09-26T20:19:48 IST" duration-ms="2049" status="PASS">
          <reporter-output>
            <line>
              <![CDATA[login]]>
            </line>
          </reporter-output>
        </test-method> <!-- login -->
        <test-method signature="TestCreateProject()[pri:0, instance:com.actitime.testscripts.CreateProject@4a83a74a]" started-at="2023-09-26T20:19:48 IST" name="TestCreateProject" finished-at="2023-09-26T20:20:14 IST" duration-ms="25932" status="PASS">
          <reporter-output>
          </reporter-output>
        </test-method> <!-- TestCreateProject -->
        <test-method is-config="true" signature="logout()[pri:0, instance:com.actitime.testscripts.CreateProject@4a83a74a]" started-at="2023-09-26T20:20:14 IST" name="logout" finished-at="2023-09-26T20:20:14 IST" duration-ms="7" status="PASS">
          <reporter-output>
            <line>
              <![CDATA[logout]]>
            </line>
          </reporter-output>
        </test-method> <!-- logout -->
      </class> <!-- com.actitime.testscripts.CreateProject -->
      <class name="com.actitime.testscripts.CreateCustomer">
        <test-method is-config="true" signature="openBrowser()[pri:0, instance:com.actitime.testscripts.CreateCustomer@742ff096]" started-at="2023-09-26T20:19:11 IST" name="openBrowser" finished-at="2023-09-26T20:19:20 IST" duration-ms="8516" status="PASS">
          <reporter-output>
            <line>
              <![CDATA[open browser]]>
            </line>
          </reporter-output>
        </test-method> <!-- openBrowser -->
        <test-method is-config="true" signature="login()[pri:0, instance:com.actitime.testscripts.CreateCustomer@742ff096]" started-at="2023-09-26T20:19:20 IST" name="login" finished-at="2023-09-26T20:19:28 IST" duration-ms="8176" status="PASS">
          <reporter-output>
            <line>
              <![CDATA[login]]>
            </line>
          </reporter-output>
        </test-method> <!-- login -->
        <test-method signature="testcustomer()[pri:0, instance:com.actitime.testscripts.CreateCustomer@742ff096]" started-at="2023-09-26T20:19:28 IST" name="testcustomer" finished-at="2023-09-26T20:19:46 IST" duration-ms="18130" status="PASS">
          <reporter-output>
          </reporter-output>
        </test-method> <!-- testcustomer -->
        <test-method is-config="true" signature="logout()[pri:0, instance:com.actitime.testscripts.CreateCustomer@742ff096]" started-at="2023-09-26T20:19:46 IST" name="logout" finished-at="2023-09-26T20:19:46 IST" duration-ms="4" status="PASS">
          <reporter-output>
            <line>
              <![CDATA[logout]]>
            </line>
          </reporter-output>
        </test-method> <!-- logout -->
        <test-method is-config="true" signature="closeBrowser()[pri:0, instance:com.actitime.testscripts.CreateCustomer@742ff096]" started-at="2023-09-26T20:20:51 IST" name="closeBrowser" finished-at="2023-09-26T20:20:52 IST" duration-ms="870" status="PASS">
          <reporter-output>
            <line>
              <![CDATA[close browser]]>
            </line>
          </reporter-output>
        </test-method> <!-- closeBrowser -->
      </class> <!-- com.actitime.testscripts.CreateCustomer -->
      <class name="com.actitime.testscripts.CreateTask">
        <test-method is-config="true" signature="login()[pri:0, instance:com.actitime.testscripts.CreateTask@1349883]" started-at="2023-09-26T20:20:14 IST" name="login" finished-at="2023-09-26T20:20:18 IST" duration-ms="4163" status="PASS">
          <reporter-output>
            <line>
              <![CDATA[login]]>
            </line>
          </reporter-output>
        </test-method> <!-- login -->
        <test-method signature="testCreateTask()[pri:0, instance:com.actitime.testscripts.CreateTask@1349883]" started-at="2023-09-26T20:20:18 IST" name="testCreateTask" finished-at="2023-09-26T20:20:51 IST" duration-ms="33052" status="PASS">
          <reporter-output>
          </reporter-output>
        </test-method> <!-- testCreateTask -->
        <test-method is-config="true" signature="logout()[pri:0, instance:com.actitime.testscripts.CreateTask@1349883]" started-at="2023-09-26T20:20:51 IST" name="logout" finished-at="2023-09-26T20:20:51 IST" duration-ms="1" status="PASS">
          <reporter-output>
            <line>
              <![CDATA[logout]]>
            </line>
          </reporter-output>
        </test-method> <!-- logout -->
      </class> <!-- com.actitime.testscripts.CreateTask -->
    </test> <!-- Test -->
  </suite> <!-- Suite -->
</testng-results>
