<?xml version="1.0" encoding="UTF-8"?>
<!-- Generated by org.testng.reporters.JUnitXMLReporter -->
<testsuite ignored="4" hostname="DESKTOP-1T547S2" failures="0" tests="3" name="Test" time="101.07" errors="0" timestamp="2023-09-26T20:20:52 IST">
  <testcase classname="com.actitime.testscripts.CreateCustomer" name="testcustomer" time="18.13"/>
  <testcase classname="com.actitime.testscripts.CreateProject" name="TestCreateProject" time="25.932"/>
  <testcase classname="com.actitime.testscripts.CreateTask" name="testCreateTask" time="33.052"/>
  <testcase classname="com.actitime.generic.BaseClass" name="@BeforeTest openBrowser" time="0.0">
    <ignored/>
  </testcase> <!-- @BeforeTest openBrowser -->
  <testcase classname="com.actitime.generic.BaseClass" name="@AfterTest closeBrowser" time="0.0">
    <ignored/>
  </testcase> <!-- @AfterTest closeBrowser -->
  <testcase classname="com.actitime.generic.BaseClass" name="@BeforeTest openBrowser" time="0.0">
    <ignored/>
  </testcase> <!-- @BeforeTest openBrowser -->
  <testcase classname="com.actitime.generic.BaseClass" name="@AfterTest closeBrowser" time="0.0">
    <ignored/>
  </testcase> <!-- @AfterTest closeBrowser -->
</testsuite> <!-- Test -->
